Flutter crash report.
Please report a bug at https://github.com/flutter/flutter/issues.

## command

flutter debug_adapter

## exception

_TypeError: Null check operator used on a null value

```
#0      ThreadInfo.resolveUrisToPathsBatch.<anonymous closure> (package:dds/src/dap/isolate_manager.dart:1152:49)
#1      MappedListIterable.elementAt (dart:_internal/iterable.dart:425:31)
#2      ListIterator.moveNext (dart:_internal/iterable.dart:354:26)
#3      Future.wait (dart:async/future.dart:521:26)
#4      ThreadInfo.resolveUrisToPathsBatch (package:dds/src/dap/isolate_manager.dart:1154:19)
#5      ThreadInfo.resolveUrisToPackageLibPathsBatch (package:dds/src/dap/isolate_manager.dart:1089:27)
#6      IsolateManager._sendLibraryDebuggables (package:dds/src/dap/isolate_manager.dart:913:18)
<asynchronous suspension>
#7      Future.wait.<anonymous closure> (dart:async/future.dart:523:21)
<asynchronous suspension>
#8      IsolateManager._configureIsolate (package:dds/src/dap/isolate_manager.dart:451:7)
<asynchronous suspension>
#9      IsolateManager._handlePause (package:dds/src/dap/isolate_manager.dart:545:7)
<asynchronous suspension>
#10     IsolateManager.handleEvent (package:dds/src/dap/isolate_manager.dart:203:7)
<asynchronous suspension>
#11     DartDebugAdapter.handleDebugEvent (package:dds/src/dap/adapters/dart.dart:2247:5)
<asynchronous suspension>
#12     DartDebugAdapter._withErrorHandling (package:dds/src/dap/adapters/dart.dart:2596:14)
<asynchronous suspension>
```

## flutter doctor

```
[✓] Flutter (Channel stable, 3.16.5, on macOS 14.3.1 23D60 darwin-x64, locale en-GB)
    • Flutter version 3.16.5 on channel stable at /Applications/flutter
    • Upstream repository https://github.com/flutter/flutter.git
    • Framework revision 78666c8dc5 (4 months ago), 2023-12-19 16:14:14 -0800
    • Engine revision 3f3e560236
    • Dart version 3.2.3
    • DevTools version 2.28.4

[✓] Android toolchain - develop for Android devices (Android SDK version 34.0.0)
    • Android SDK at /Users/indian/Library/Android/sdk
    • Platform android-34, build-tools 34.0.0
    • Java binary at: /Applications/Android Studio.app/Contents/jbr/Contents/Home/bin/java
    • Java version OpenJDK Runtime Environment (build 17.0.7+0-17.0.7b1000.6-10550314)
    • All Android licenses accepted.

[✓] Xcode - develop for iOS and macOS (Xcode 15.2)
    • Xcode at /Applications/Xcode.app/Contents/Developer
    • Build 15C500b
    • CocoaPods version 1.14.3

[✓] Chrome - develop for the web
    • Chrome at /Applications/Google Chrome.app/Contents/MacOS/Google Chrome

[✓] Android Studio (version 2023.1)
    • Android Studio at /Applications/Android Studio.app/Contents
    • Flutter plugin can be installed from:
      🔨 https://plugins.jetbrains.com/plugin/9212-flutter
    • Dart plugin can be installed from:
      🔨 https://plugins.jetbrains.com/plugin/6351-dart
    • Java version OpenJDK Runtime Environment (build 17.0.7+0-17.0.7b1000.6-10550314)

[✓] VS Code (version 1.87.2)
    • VS Code at /Applications/Visual Studio Code.app/Contents
    • Flutter extension version 3.84.0

[✓] Connected device (3 available)
    • Redmi Note 7S (mobile) • 192.0.0.4:5555 • android-arm64  • Android 10 (API 29)
    • macOS (desktop)        • macos          • darwin-x64     • macOS 14.3.1 23D60 darwin-x64
    • Chrome (web)           • chrome         • web-javascript • Google Chrome 123.0.6312.87

[✓] Network resources
    • All expected network resources are available.

• No issues found!
```
